Using pre-set license
Built from '2021.3/staging' branch; Version is '2021.3.7f1 (24e8595d6d43) revision 2418777'; Using compiler version '192829333'; Build Type 'Release'
OS: 'Windows 11  (10.0.22621) 64bit Education' Language: 'en' Physical Memory: 32559 MB
BatchMode: 1, IsHumanControllingUs: 0, StartBugReporterOnCrash: 0, Is64bit: 1, IsPro: 1

COMMAND LINE ARGUMENTS:
C:\Program Files\Unity\Hub\Editor\2021.3.7f1\Editor\Unity.exe
-adb2
-batchMode
-noUpm
-name
AssetImportWorker22
-projectPath
C:/Users/Deknas/OpenWorldProject
-logFile
Logs/AssetImportWorker22.log
-srvPort
61585
Successfully changed project path to: C:/Users/Deknas/OpenWorldProject
C:/Users/Deknas/OpenWorldProject
[UnityMemory] Configuration Parameters - Can be set up in boot.config
    "memorysetup-bucket-allocator-granularity=16"
    "memorysetup-bucket-allocator-bucket-count=8"
    "memorysetup-bucket-allocator-block-size=33554432"
    "memorysetup-bucket-allocator-block-count=8"
    "memorysetup-main-allocator-block-size=16777216"
    "memorysetup-thread-allocator-block-size=16777216"
    "memorysetup-gfx-main-allocator-block-size=16777216"
    "memorysetup-gfx-thread-allocator-block-size=16777216"
    "memorysetup-cache-allocator-block-size=4194304"
    "memorysetup-typetree-allocator-block-size=2097152"
    "memorysetup-profiler-bucket-allocator-granularity=16"
    "memorysetup-profiler-bucket-allocator-bucket-count=8"
    "memorysetup-profiler-bucket-allocator-block-size=33554432"
    "memorysetup-profiler-bucket-allocator-block-count=8"
    "memorysetup-profiler-allocator-block-size=16777216"
    "memorysetup-profiler-editor-allocator-block-size=1048576"
    "memorysetup-temp-allocator-size-main=16777216"
    "memorysetup-job-temp-allocator-block-size=2097152"
    "memorysetup-job-temp-allocator-block-size-background=1048576"
    "memorysetup-job-temp-allocator-reduction-small-platforms=262144"
    "memorysetup-temp-allocator-size-background-worker=32768"
    "memorysetup-temp-allocator-size-job-worker=262144"
    "memorysetup-temp-allocator-size-preload-manager=33554432"
    "memorysetup-temp-allocator-size-nav-mesh-worker=65536"
    "memorysetup-temp-allocator-size-audio-worker=65536"
    "memorysetup-temp-allocator-size-cloud-worker=32768"
    "memorysetup-temp-allocator-size-gi-baking-worker=262144"
    "memorysetup-temp-allocator-size-gfx=262144"
Refreshing native plugins compatible for Editor in 54.87 ms, found 3 plugins.
Preloading 0 native plugins for Editor in 0.00 ms.
Initialize engine version: 2021.3.7f1 (24e8595d6d43)
[Subsystems] Discovering subsystems at path C:/Program Files/Unity/Hub/Editor/2021.3.7f1/Editor/Data/Resources/UnitySubsystems
[Subsystems] Discovering subsystems at path C:/Users/Deknas/OpenWorldProject/Assets
GfxDevice: creating device client; threaded=0; jobified=0
Direct3D:
    Version:  Direct3D 11.0 [level 11.1]
    Renderer: NVIDIA GeForce RTX 3060 (ID=0x2504)
    Vendor:   NVIDIA
    VRAM:     12129 MB
    Driver:   31.0.15.2756
Initialize mono
Mono path[0] = 'C:/Program Files/Unity/Hub/Editor/2021.3.7f1/Editor/Data/Managed'
Mono path[1] = 'C:/Program Files/Unity/Hub/Editor/2021.3.7f1/Editor/Data/MonoBleedingEdge/lib/mono/unityjit-win32'
Mono config path = 'C:/Program Files/Unity/Hub/Editor/2021.3.7f1/Editor/Data/MonoBleedingEdge/etc'
Using monoOptions --debugger-agent=transport=dt_socket,embedding=1,server=y,suspend=n,address=127.0.0.1:56940
Begin MonoManager ReloadAssembly
Registering precompiled unity dll's ...
Register platform support module: C:/Program Files/Unity/Hub/Editor/2021.3.7f1/Editor/Data/PlaybackEngines/WebGLSupport/UnityEditor.WebGL.Extensions.dll
Register platform support module: C:/Program Files/Unity/Hub/Editor/2021.3.7f1/Editor/Data/PlaybackEngines/WindowsStandaloneSupport/UnityEditor.WindowsStandalone.Extensions.dll
Registered in 0.002527 seconds.
Native extension for WindowsStandalone target not found
Native extension for WebGL target not found
Refreshing native plugins compatible for Editor in 50.39 ms, found 3 plugins.
Preloading 0 native plugins for Editor in 0.00 ms.
Mono: successfully reloaded assembly
- Completed reload, in  0.378 seconds
Domain Reload Profiling:
	ReloadAssembly (378ms)
		BeginReloadAssembly (45ms)
			ExecutionOrderSort (0ms)
			DisableScriptedObjects (0ms)
			BackupInstance (0ms)
			ReleaseScriptingObjects (0ms)
			CreateAndSetChildDomain (0ms)
		EndReloadAssembly (270ms)
			LoadAssemblies (44ms)
			RebuildTransferFunctionScriptingTraits (0ms)
			SetupTypeCache (61ms)
			ReleaseScriptCaches (0ms)
			RebuildScriptCaches (15ms)
			SetupLoadedEditorAssemblies (163ms)
				LogAssemblyErrors (0ms)
				InitializePlatformSupportModulesInManaged (5ms)
				SetLoadedEditorAssemblies (0ms)
				RefreshPlugins (50ms)
				BeforeProcessingInitializeOnLoad (1ms)
				ProcessInitializeOnLoadAttributes (80ms)
				ProcessInitializeOnLoadMethodAttributes (26ms)
				AfterProcessingInitializeOnLoad (0ms)
				EditorAssembliesLoaded (0ms)
			ExecutionOrderSort2 (0ms)
			AwakeInstancesAfterBackupRestoration (0ms)
Platform modules already initialized, skipping
Registering precompiled user dll's ...
Registered in 0.002978 seconds.
Begin MonoManager ReloadAssembly
Symbol file LoadedFromMemory doesn't match image C:\Users\Deknas\OpenWorldProject\Library\PackageCache\com.unity.visualscripting@1.7.8\Editor\VisualScripting.Core\Dependencies\YamlDotNet\Unity.VisualScripting.YamlDotNet.dll
Symbol file LoadedFromMemory doesn't match image C:\Users\Deknas\OpenWorldProject\Library\PackageCache\com.unity.visualscripting@1.7.8\Editor\VisualScripting.Core\Dependencies\DotNetZip\Unity.VisualScripting.IonicZip.dll
Native extension for WindowsStandalone target not found
Native extension for WebGL target not found
Refreshing native plugins compatible for Editor in 0.48 ms, found 3 plugins.
Preloading 0 native plugins for Editor in 0.00 ms.
Mono: successfully reloaded assembly
- Completed reload, in  0.647 seconds
Domain Reload Profiling:
	ReloadAssembly (648ms)
		BeginReloadAssembly (69ms)
			ExecutionOrderSort (0ms)
			DisableScriptedObjects (3ms)
			BackupInstance (0ms)
			ReleaseScriptingObjects (0ms)
			CreateAndSetChildDomain (13ms)
		EndReloadAssembly (508ms)
			LoadAssemblies (50ms)
			RebuildTransferFunctionScriptingTraits (0ms)
			SetupTypeCache (176ms)
			ReleaseScriptCaches (0ms)
			RebuildScriptCaches (33ms)
			SetupLoadedEditorAssemblies (229ms)
				LogAssemblyErrors (0ms)
				InitializePlatformSupportModulesInManaged (4ms)
				SetLoadedEditorAssemblies (0ms)
				RefreshPlugins (1ms)
				BeforeProcessingInitializeOnLoad (47ms)
				ProcessInitializeOnLoadAttributes (158ms)
				ProcessInitializeOnLoadMethodAttributes (17ms)
				AfterProcessingInitializeOnLoad (3ms)
				EditorAssembliesLoaded (0ms)
			ExecutionOrderSort2 (0ms)
			AwakeInstancesAfterBackupRestoration (3ms)
Platform modules already initialized, skipping
========================================================================
Worker process is ready to serve import requests
Launched and connected shader compiler UnityShaderCompiler.exe after 0.02 seconds
Refreshing native plugins compatible for Editor in 0.59 ms, found 3 plugins.
Preloading 0 native plugins for Editor in 0.00 ms.
Unloading 3646 Unused Serialized files (Serialized files now loaded: 0)
Unloading 43 unused Assets / (1.6 MB). Loaded Objects now: 4115.
Memory consumption went from 296.1 MB to 294.5 MB.
Total: 2.746500 ms (FindLiveObjects: 0.198400 ms CreateObjectMapping: 0.088100 ms MarkObjects: 2.141600 ms  DeleteObjects: 0.317700 ms)

AssetImportParameters requested are different than current active one (requested -> active):
  custom:video-decoder-ogg-theora: a1e56fd34408186e4bbccfd4996cb3dc -> 
  custom:container-muxer-webm: aa71ff27fc2769a1b78a27578f13a17b -> 
  custom:container-demuxer-webm: 4f35f7cbe854078d1ac9338744f61a02 -> 
  custom:video-encoder-webm-vp8: eb34c28f22e8b96e1ab97ce403110664 -> 
  custom:audio-encoder-webm-vorbis: bf7c407c2cedff20999df2af8eb42d56 -> 
  custom:framework-win-MediaFoundation: 216162199b28c13a410421893ffa2e32 -> 
  custom:container-demuxer-ogg: 62fdf1f143b41e24485cea50d1cbac27 -> 
  custom:video-decoder-webm-vp8: 9c59270c3fd7afecdb556c50c9e8de78 -> 
  custom:audio-decoder-ogg-vorbis: bf7c407c2cedff20999df2af8eb42d56 -> 
========================================================================
Received Import Request.
  Time since last request: 231991.640681 seconds.
  path: Assets/Imports/Polytope Studio/Lowpoly_Environments/Sources/Materials/PT_Mushrooms_mat.mat
  artifactKey: Guid(c522ec7c62be0c145bc320ad11705a67) Importer(815301076,1909f56bfc062723c751e8b465ee728b)
Start importing Assets/Imports/Polytope Studio/Lowpoly_Environments/Sources/Materials/PT_Mushrooms_mat.mat using Guid(c522ec7c62be0c145bc320ad11705a67) Importer(815301076,1909f56bfc062723c751e8b465ee728b)  -> (artifact id: '23fecbb9fb8eb26c1260f7c5d7781107') in 0.108655 seconds 
========================================================================
Received Import Request.
  Time since last request: 9.911304 seconds.
  path: Assets/Imports/Polytope Studio/Lowpoly_Environments/Sources/Textures/PT_Grass_01 1.png
  artifactKey: Guid(5dc063edf5552f24494db45642067b28) Importer(815301076,1909f56bfc062723c751e8b465ee728b)
Start importing Assets/Imports/Polytope Studio/Lowpoly_Environments/Sources/Textures/PT_Grass_01 1.png using Guid(5dc063edf5552f24494db45642067b28) Importer(815301076,1909f56bfc062723c751e8b465ee728b)  -> (artifact id: '51ef6725dcee7dca56457ff4de4fd2b8') in 0.019246 seconds 
========================================================================
Received Import Request.
  Time since last request: 8.997426 seconds.
  path: Assets/Imports/Polytope Studio/Lowpoly_Environments/Sources/Textures/PT_Grass_01_short.png
  artifactKey: Guid(5dc063edf5552f24494db45642067b28) Importer(815301076,1909f56bfc062723c751e8b465ee728b)
Start importing Assets/Imports/Polytope Studio/Lowpoly_Environments/Sources/Textures/PT_Grass_01_short.png using Guid(5dc063edf5552f24494db45642067b28) Importer(815301076,1909f56bfc062723c751e8b465ee728b)  -> (artifact id: '0d6a4a53fd7645761c845c01993a7e53') in 0.008899 seconds 
========================================================================
Received Import Request.
  Time since last request: 65.974359 seconds.
  path: Assets/Imports/Polytope Studio/Lowpoly_Demos/Environment_Free/Helpers/Ground_Layer_02.terrainlayer
  artifactKey: Guid(f7ce30ec9b280b34cacb1a1005349890) Importer(815301076,1909f56bfc062723c751e8b465ee728b)
Start importing Assets/Imports/Polytope Studio/Lowpoly_Demos/Environment_Free/Helpers/Ground_Layer_02.terrainlayer using Guid(f7ce30ec9b280b34cacb1a1005349890) Importer(815301076,1909f56bfc062723c751e8b465ee728b)  -> (artifact id: 'f6621b42b674974e12031bc9ffec70a9') in 0.014142 seconds 
========================================================================
Received Import Request.
  Time since last request: 50.349166 seconds.
  path: Assets/Imports/Classic Footstep SFX/Forest ground/Forest_ground_jump0.wav
  artifactKey: Guid(c025c43d1749af5469c7dd8af13e162f) Importer(815301076,1909f56bfc062723c751e8b465ee728b)
Start importing Assets/Imports/Classic Footstep SFX/Forest ground/Forest_ground_jump0.wav using Guid(c025c43d1749af5469c7dd8af13e162f) Importer(815301076,1909f56bfc062723c751e8b465ee728b)  -> (artifact id: '01ff4842df24346b15e7bf549925625e') in 0.056070 seconds 
========================================================================
Received Import Request.
  Time since last request: 0.000016 seconds.
  path: Assets/Imports/Classic Footstep SFX/Forest ground/Forest_ground_step3.wav
  artifactKey: Guid(98e005e2d5100484b88927d0803cb395) Importer(815301076,1909f56bfc062723c751e8b465ee728b)
Start importing Assets/Imports/Classic Footstep SFX/Forest ground/Forest_ground_step3.wav using Guid(98e005e2d5100484b88927d0803cb395) Importer(815301076,1909f56bfc062723c751e8b465ee728b)  -> (artifact id: 'f0ba5d022e9eb5c070834e181a65b432') in 0.029673 seconds 
========================================================================
Received Import Request.
  Time since last request: 0.000021 seconds.
  path: Assets/Imports/Classic Footstep SFX/Ground/Ground_Running_loop2.wav
  artifactKey: Guid(027c416d83fd7094f8a75bb58d331ea3) Importer(815301076,1909f56bfc062723c751e8b465ee728b)
Start importing Assets/Imports/Classic Footstep SFX/Ground/Ground_Running_loop2.wav using Guid(027c416d83fd7094f8a75bb58d331ea3) Importer(815301076,1909f56bfc062723c751e8b465ee728b)  -> (artifact id: 'c5d198d96d512c9bd6c520eb1b730801') in 0.008603 seconds 
========================================================================
Received Import Request.
  Time since last request: 0.000021 seconds.
  path: Assets/Imports/Classic Footstep SFX/Rocky_ground/Rocky_ground_step1.wav
  artifactKey: Guid(ee6a6c12e92b76347881600e494ea047) Importer(815301076,1909f56bfc062723c751e8b465ee728b)
Start importing Assets/Imports/Classic Footstep SFX/Rocky_ground/Rocky_ground_step1.wav using Guid(ee6a6c12e92b76347881600e494ea047) Importer(815301076,1909f56bfc062723c751e8b465ee728b)  -> (artifact id: '05f150e1338f5e0841e5c2abfb72c738') in 0.008842 seconds 
========================================================================
Received Import Request.
  Time since last request: 0.000016 seconds.
  path: Assets/Imports/Classic Footstep SFX/Rocky_ground/Rocky_ground_running_loop1.wav
  artifactKey: Guid(b9e22b71c3ab12b4cac7d74e269d9924) Importer(815301076,1909f56bfc062723c751e8b465ee728b)
Start importing Assets/Imports/Classic Footstep SFX/Rocky_ground/Rocky_ground_running_loop1.wav using Guid(b9e22b71c3ab12b4cac7d74e269d9924) Importer(815301076,1909f56bfc062723c751e8b465ee728b)  -> (artifact id: 'ae48402b93651af4112720b6124177ac') in 0.008569 seconds 
========================================================================
Received Import Request.
  Time since last request: 0.000016 seconds.
  path: Assets/Imports/Classic Footstep SFX/Ground/Ground_Running_loop3.wav
  artifactKey: Guid(398a631f92a5b2e4fbbf36e67e05e653) Importer(815301076,1909f56bfc062723c751e8b465ee728b)
Start importing Assets/Imports/Classic Footstep SFX/Ground/Ground_Running_loop3.wav using Guid(398a631f92a5b2e4fbbf36e67e05e653) Importer(815301076,1909f56bfc062723c751e8b465ee728b)  -> (artifact id: 'b26f1fa012fe53d8ad4079db7f487a58') in 0.010359 seconds 
========================================================================
Received Import Request.
  Time since last request: 0.000017 seconds.
  path: Assets/Imports/Classic Footstep SFX/Rocky_ground/Rocky_ground_running_loop2.wav
  artifactKey: Guid(ac523206fef37f54d94ac272b21c9dc0) Importer(815301076,1909f56bfc062723c751e8b465ee728b)
Start importing Assets/Imports/Classic Footstep SFX/Rocky_ground/Rocky_ground_running_loop2.wav using Guid(ac523206fef37f54d94ac272b21c9dc0) Importer(815301076,1909f56bfc062723c751e8b465ee728b)  -> (artifact id: 'f5c4fc5b2d7f241a1b96ba7e17fa76f4') in 0.008238 seconds 
========================================================================
Received Import Request.
  Time since last request: 0.000013 seconds.
  path: Assets/Imports/Classic Footstep SFX/Ground/Ground_Step2.wav
  artifactKey: Guid(c8657061120b2da4fb645654b16201f6) Importer(815301076,1909f56bfc062723c751e8b465ee728b)
Start importing Assets/Imports/Classic Footstep SFX/Ground/Ground_Step2.wav using Guid(c8657061120b2da4fb645654b16201f6) Importer(815301076,1909f56bfc062723c751e8b465ee728b)  -> (artifact id: 'beb5801f46daa35b855936c1babfa9b9') in 0.010914 seconds 
========================================================================
Received Import Request.
  Time since last request: 0.000020 seconds.
  path: Assets/Imports/Classic Footstep SFX/Forest ground/Forest_ground_running_loop.wav
  artifactKey: Guid(7a1da8275935858428d3af22a10ab810) Importer(815301076,1909f56bfc062723c751e8b465ee728b)
Start importing Assets/Imports/Classic Footstep SFX/Forest ground/Forest_ground_running_loop.wav using Guid(7a1da8275935858428d3af22a10ab810) Importer(815301076,1909f56bfc062723c751e8b465ee728b)  -> (artifact id: '97bea02d7963a90988bdbdfb38ba5c1e') in 0.010796 seconds 
========================================================================
Received Import Request.
  Time since last request: 0.000018 seconds.
  path: Assets/Imports/Classic Footstep SFX/Forest ground/Forest_ground_step1.wav
  artifactKey: Guid(fdfa07727ba18e146b0d737f16110ba5) Importer(815301076,1909f56bfc062723c751e8b465ee728b)
Start importing Assets/Imports/Classic Footstep SFX/Forest ground/Forest_ground_step1.wav using Guid(fdfa07727ba18e146b0d737f16110ba5) Importer(815301076,1909f56bfc062723c751e8b465ee728b)  -> (artifact id: 'f98c6d0e6193c4d8bb258fd470138766') in 0.010037 seconds 
========================================================================
Received Import Request.
  Time since last request: 0.000018 seconds.
  path: Assets/Imports/Classic Footstep SFX/Ground/Ground_Step0.wav
  artifactKey: Guid(eec53751c4e79a7469fc34e774360128) Importer(815301076,1909f56bfc062723c751e8b465ee728b)
Start importing Assets/Imports/Classic Footstep SFX/Ground/Ground_Step0.wav using Guid(eec53751c4e79a7469fc34e774360128) Importer(815301076,1909f56bfc062723c751e8b465ee728b)  -> (artifact id: 'f09aba18226bd9d9cc4635eeb73ec6ea') in 0.008684 seconds 
========================================================================
Received Import Request.
  Time since last request: 0.000024 seconds.
  path: Assets/Imports/Classic Footstep SFX/Ground/Ground_Step4.wav
  artifactKey: Guid(b662731f964d624449b092d4198147de) Importer(815301076,1909f56bfc062723c751e8b465ee728b)
Start importing Assets/Imports/Classic Footstep SFX/Ground/Ground_Step4.wav using Guid(b662731f964d624449b092d4198147de) Importer(815301076,1909f56bfc062723c751e8b465ee728b)  -> (artifact id: '2c765544fb7f121b64ea82398b8840eb') in 0.008801 seconds 
========================================================================
Received Import Request.
  Time since last request: 0.000015 seconds.
  path: Assets/Imports/Classic Footstep SFX/Rocky_ground/Rocky_ground_step3.wav
  artifactKey: Guid(7dd1b75dd97f9af468c655f59ab900cc) Importer(815301076,1909f56bfc062723c751e8b465ee728b)
Start importing Assets/Imports/Classic Footstep SFX/Rocky_ground/Rocky_ground_step3.wav using Guid(7dd1b75dd97f9af468c655f59ab900cc) Importer(815301076,1909f56bfc062723c751e8b465ee728b)  -> (artifact id: 'f97a9d0626dec9370fa9d591dcfeaa36') in 0.011827 seconds 
========================================================================
Received Import Request.
  Time since last request: 0.000020 seconds.
  path: Assets/Imports/Classic Footstep SFX/Ground/Ground_running_loop0.wav
  artifactKey: Guid(b2c305fdeefa5194eaa2c69a95a9ae77) Importer(815301076,1909f56bfc062723c751e8b465ee728b)
Start importing Assets/Imports/Classic Footstep SFX/Ground/Ground_running_loop0.wav using Guid(b2c305fdeefa5194eaa2c69a95a9ae77) Importer(815301076,1909f56bfc062723c751e8b465ee728b)  -> (artifact id: '36180edf71e5408bc6b6c6ef08cbcd99') in 0.011377 seconds 
========================================================================
Received Import Request.
  Time since last request: 1.976784 seconds.
  path: Assets/Imports/Classic Footstep SFX/Rocky_ground/Rocky_ground_step4.wav
  artifactKey: Guid(294e5ecef1c038f4eaaaad457cad5981) Importer(815301076,1909f56bfc062723c751e8b465ee728b)
Start importing Assets/Imports/Classic Footstep SFX/Rocky_ground/Rocky_ground_step4.wav using Guid(294e5ecef1c038f4eaaaad457cad5981) Importer(815301076,1909f56bfc062723c751e8b465ee728b)  -> (artifact id: 'a99aa1b7f91b8a1c87f34464f21f8216') in 0.011106 seconds 
Editor requested this worker to shutdown with reason: Scaling down because of idle timeout
AssetImportWorker is now disconnected from the server
Process exiting
Exiting without the bug reporter. Application will terminate with return code 0